<?xml version="1.0" encoding="UTF-8"?>
<!-- Generated by org.testng.reporters.JUnitXMLReporter -->
<testsuite hostname="StefanHou-PC" name="Name_StefanTest" tests="6" failures="2" timestamp="5 Dec 2014 06:06:41 GMT" time="1.025" errors="0">
  <testcase name="testCalculateAppriasal" time="0.009" classname="FrameWork.TestEmployeeDetails"/>
  <testcase name="testCalculateYearlySalary" time="0.0" classname="FrameWork.TestEmployeeDetails"/>
  <testcase name="testMethodOne" time="0.0" classname="SampleTest.SampleTest"/>
  <testcase name="testMethodTwo" time="0.0" classname="SampleTest.SampleTest"/>
  <testcase name="testMethodTwo" time="0.0" classname="SampleTest.SampleTest">
    <failure type="java.lang.AssertionError" message="expected [true] but found [false]">
      <![CDATA[java.lang.AssertionError: expected [true] but found [false]
	at SampleTest.SampleTest.testMethodTwo(SampleTest.java:14)
	at FrameWork.TestRunner.main(TestRunner.java:60)
... Removed 25 stack frames]]>
    </failure>
  </testcase> <!-- testMethodTwo -->
  <testcase name="testMethodThree" time="0.001" classname="SampleTest.SampleTest">
    <skipped/>
  </testcase> <!-- testMethodThree -->
</testsuite> <!-- Name_StefanTest -->
